0 info it worked if it ends with ok
1 verbose cli [ '/usr/local/Cellar/node/7.1.0/bin/node',
1 verbose cli   '/usr/local/bin/npm',
1 verbose cli   'run',
1 verbose cli   'webpack-dev-server' ]
2 info using npm@3.10.9
3 info using node@v7.1.0
4 verbose run-script [ 'prewebpack-dev-server',
4 verbose run-script   'webpack-dev-server',
4 verbose run-script   'postwebpack-dev-server' ]
5 info lifecycle drls@1.0.0~prewebpack-dev-server: drls@1.0.0
6 silly lifecycle drls@1.0.0~prewebpack-dev-server: no script for prewebpack-dev-server, continuing
7 info lifecycle drls@1.0.0~webpack-dev-server: drls@1.0.0
8 verbose lifecycle drls@1.0.0~webpack-dev-server: unsafe-perm in lifecycle true
9 verbose lifecycle drls@1.0.0~webpack-dev-server: PATH: /usr/local/lib/node_modules/npm/bin/node-gyp-bin:/Users/DeepSea/Documents/workspace/workspace_py/DRLS/node_modules/.bin:/usr/local/lib/node_modules/npm/bin/node-gyp-bin:/Users/DeepSea/Documents/workspace/workspace_py/DRLS/node_modules/.bin:/usr/local/Cellar/node/7.1.0/bin:/Users/DeepSea/.yarn/bin:/Users/DeepSea/.config/yarn/global/node_modules/.bin:/usr/bin/clang:/usr/local/git/bin:/usr/local/bin:/usr/bin:/bin:/usr/sbin:/sbin:/Users/DeepSea/Documents/workspace/workspace_go/bin:/usr/X11/bin:/usr/local/Cellar/mongodb/3.2.10/bin:/usr/local/go/bin:/usr/local/mysql/bin:/usr/local/apache-maven-3.3.9/bin:/Users/DeepSea/Documents/apache-ant-1.10.0/bin:/Users/DeepSea/Documents/apache-ant-1.10.0/lib:/Users/DeepSea/Documents/android-sdk-macosx/tools:/Users/DeepSea/Documents/android-sdk-macosx/platform-tools:/Library/Frameworks/Python.framework/Versions/2.7/bin
10 verbose lifecycle drls@1.0.0~webpack-dev-server: CWD: /Users/DeepSea/Documents/workspace/workspace_py/DRLS
11 silly lifecycle drls@1.0.0~webpack-dev-server: Args: [ '-c',
11 silly lifecycle   'NODE_ENV=debug webpack-dev-server --port 2992 --hot --inline' ]
12 silly lifecycle drls@1.0.0~webpack-dev-server: Returned: code: 1  signal: null
13 info lifecycle drls@1.0.0~webpack-dev-server: Failed to exec webpack-dev-server script
14 verbose stack Error: drls@1.0.0 webpack-dev-server: `NODE_ENV=debug webpack-dev-server --port 2992 --hot --inline`
14 verbose stack Exit status 1
14 verbose stack     at EventEmitter.<anonymous> (/usr/local/lib/node_modules/npm/lib/utils/lifecycle.js:255:16)
14 verbose stack     at emitTwo (events.js:106:13)
14 verbose stack     at EventEmitter.emit (events.js:191:7)
14 verbose stack     at ChildProcess.<anonymous> (/usr/local/lib/node_modules/npm/lib/utils/spawn.js:40:14)
14 verbose stack     at emitTwo (events.js:106:13)
14 verbose stack     at ChildProcess.emit (events.js:191:7)
14 verbose stack     at maybeClose (internal/child_process.js:885:16)
14 verbose stack     at Process.ChildProcess._handle.onexit (internal/child_process.js:226:5)
15 verbose pkgid drls@1.0.0
16 verbose cwd /Users/DeepSea/Documents/workspace/workspace_py/DRLS
17 error Darwin 16.7.0
18 error argv "/usr/local/Cellar/node/7.1.0/bin/node" "/usr/local/bin/npm" "run" "webpack-dev-server"
19 error node v7.1.0
20 error npm  v3.10.9
21 error code ELIFECYCLE
22 error drls@1.0.0 webpack-dev-server: `NODE_ENV=debug webpack-dev-server --port 2992 --hot --inline`
22 error Exit status 1
23 error Failed at the drls@1.0.0 webpack-dev-server script 'NODE_ENV=debug webpack-dev-server --port 2992 --hot --inline'.
23 error Make sure you have the latest version of node.js and npm installed.
23 error If you do, this is most likely a problem with the drls package,
23 error not with npm itself.
23 error Tell the author that this fails on your system:
23 error     NODE_ENV=debug webpack-dev-server --port 2992 --hot --inline
23 error You can get information on how to open an issue for this project with:
23 error     npm bugs drls
23 error Or if that isn't available, you can get their info via:
23 error     npm owner ls drls
23 error There is likely additional logging output above.
24 verbose exit [ 1, true ]
